<?xml version="1.0" encoding="UTF-8"?>
<testng-results ignored="0" total="1" passed="1" failed="0" skipped="0">
  <reporter-output>
  </reporter-output>
  <suite started-at="2024-03-27T09:55:08 COT" name="Surefire suite" finished-at="2024-03-27T09:55:11 COT" duration-ms="2122">
    <groups>
    </groups>
    <test started-at="2024-03-27T09:55:08 COT" name="Surefire test" finished-at="2024-03-27T09:55:11 COT" duration-ms="2122">
      <class name="com.example.ApiTest">
        <test-method signature="Apitesting()[pri:0, instance:com.example.ApiTest@5af97850]" started-at="2024-03-27T09:55:09 COT" name="Apitesting" finished-at="2024-03-27T09:55:11 COT" duration-ms="2104" status="PASS">
          <reporter-output>
          </reporter-output>
        </test-method> <!-- Apitesting -->
      </class> <!-- com.example.ApiTest -->
    </test> <!-- Surefire test -->
  </suite> <!-- Surefire suite -->
</testng-results>
