<?xml version="1.0" encoding="UTF-8"?>
<testsuite xmlns:xsi="http://www.w3.org/2001/XMLSchema-instance" xsi:noNamespaceSchemaLocation="https://maven.apache.org/surefire/maven-surefire-plugin/xsd/surefire-test-report-3.0.xsd" version="3.0" name="com.example.ApiTest" time="2.318" tests="1" errors="0" skipped="0" failures="0">
  <properties>
[...]
</properties>
  <testcase name="Apitesting" classname="com.example.ApiTest" time="2.104">
    <system-out><![CDATA[La dirección de correo electrónico del usuario aleatorio es: Shanna@melissa.tv
Publicaciones del usuario:
- et ea vero quia laudantium autem
- in quibusdam tempore odit est dolorem
- dolorum ut in voluptas mollitia et saepe quo animi
- voluptatem eligendi optio
- eveniet quod temporibus
- sint suscipit perspiciatis velit dolorum rerum ipsa laboriosam odio
- fugit voluptas sed molestias voluptatem provident
- voluptate et itaque vero tempora molestiae
- adipisci placeat illum aut reiciendis qui
- doloribus ad provident suscipit at
Respuesta de la API al realizar la publicación:
{
  "userId": 2,
  "title": "Título de la publicación",
  "body": "Cuerpo de la publicación",
  "id": 101
}
Código de respuesta de la API: 201
]]></system-out>
    <system-err><![CDATA[SLF4J: Failed to load class "org.slf4j.impl.StaticLoggerBinder".
SLF4J: Defaulting to no-operation (NOP) logger implementation
SLF4J: See http://www.slf4j.org/codes.html#StaticLoggerBinder for further details.
]]></system-err>
  </testcase>
</testsuite>